<?xml version="1.0" encoding="UTF-8"?>
<Site BuildName="Win32-mingw32-make"
	BuildStamp="20211128-2037-Experimental"
	Name="LAPTOP-KFLPDJG5"
	Generator="ctest-3.21.3"
	CompilerName="C:/minGW/bin/x86_64-w64-mingw32-g++.exe"
	CompilerVersion="8.1.0"
	OSName="Windows"
	Hostname="LAPTOP-KFLPDJG5"
	OSRelease=" Personal"
	OSVersion=" (Build 19042)"
	OSPlatform="AMD64"
	Is64Bits="1"
	VendorString="GenuineIntel"
	VendorID="Intel Corporation"
	FamilyID="6"
	ModelID="14"
	ProcessorCacheSize="-1"
	NumberOfLogicalCPU="4"
	NumberOfPhysicalCPU="2"
	TotalVirtualMemory="12717"
	TotalPhysicalMemory="8043"
	LogicalProcessorsPerPhysical="2"
	ProcessorClockFrequency="2904"
	>
	<Testing>
		<StartDateTime>Nov 28 22:01 Rom, normaltid</StartDateTime>
		<StartTestTime>1638133306</StartTestTime>
		<TestList>
			<Test>./tests/usage_test</Test>
		</TestList>
		<Test Status="passed">
			<Name>usage_test</Name>
			<Path>./tests</Path>
			<FullName>./tests/usage_test</FullName>
			<FullCommandLine>"C:\Users\markr\OneDrive\Skrivebord\Uni 1. Semester\Programering 10 ECTS\uge 12\assignment-12-MarkRaabjerg\build\tests\tests.exe"</FullCommandLine>
			<Results>
				<NamedMeasurement type="numeric/double" name="Execution Time">
					<Value>0.042125</Value>
				</NamedMeasurement>
				<NamedMeasurement type="numeric/double" name="Processors">
					<Value>1</Value>
				</NamedMeasurement>
				<NamedMeasurement type="text/string" name="Completion Status">
					<Value>Completed</Value>
				</NamedMeasurement>
				<NamedMeasurement type="text/string" name="Command Line">
					<Value>"C:\Users\markr\OneDrive\Skrivebord\Uni 1. Semester\Programering 10 ECTS\uge 12\assignment-12-MarkRaabjerg\build\tests\tests.exe"</Value>
				</NamedMeasurement>
				<NamedMeasurement type="text/string" name="Environment">
					<Value>#CTEST_RESOURCE_GROUP_COUNT=</Value>
				</NamedMeasurement>
				<Measurement>
					<Value encoding="base64" compression="gzip">eJyztaUq4HLMyVEoSS0uKVYoSCwuTk1R0DC0UACxikoy8/OKFTLzFIzBChSSE4tTizW5uABv/COc====</Value>
				</Measurement>
			</Results>
		</Test>
		<EndDateTime>Nov 28 22:01 Rom, normaltid</EndDateTime>
		<EndTestTime>1638133306</EndTestTime>
		<ElapsedMinutes>0</ElapsedMinutes>
	</Testing>
</Site>
